#
# There is insufficient memory for the Java Runtime Environment to continue.
# Native memory allocation (malloc) failed to allocate 456656 bytes for Chunk::new
# Possible reasons:
#   The system is out of physical RAM or swap space
#   The process is running with CompressedOops enabled, and the Java Heap may be blocking the growth of the native heap
# Possible solutions:
#   Reduce memory load on the system
#   Increase physical memory or swap space
#   Check if swap backing store is full
#   Decrease Java heap size (-Xmx/-Xms)
#   Decrease number of Java threads
#   Decrease Java thread stack sizes (-Xss)
#   Set larger code cache with -XX:ReservedCodeCacheSize=
#   JVM is running with Unscaled Compressed Oops mode in which the Java heap is
#     placed in the first 4GB address space. The Java Heap base address is the
#     maximum limit for the native heap growth. Please use -XX:HeapBaseMinAddress
#     to set the Java Heap base and to place the Java Heap above 4GB virtual address.
# This output file may be truncated or incomplete.
#
#  Out of Memory Error (./open/src/hotspot/share/memory/arena.cpp:197), pid=30572, tid=10204
#
# JRE version: Java(TM) SE Runtime Environment 18.9 (11.0.10+8) (build 11.0.10+8-LTS-162)
# Java VM: Java HotSpot(TM) 64-Bit Server VM 18.9 (11.0.10+8-LTS-162, mixed mode, tiered, compressed oops, g1 gc, windows-amd64)
# No core dump will be written. Minidumps are not enabled by default on client versions of Windows
#

---------------  S U M M A R Y ------------

Command Line: -Dclassworlds.conf=C:/Users/saich/java/apache-maven-3.6.3/bin/m2.conf -Dmaven.home=C:/Users/saich/java/apache-maven-3.6.3 -Dlibrary.jansi.path=C:/Users/saich/java/apache-maven-3.6.3/lib/jansi-native -Dmaven.multiModuleProjectDirectory=C:/git_clones/cloud-gateway/cloud-gateway org.codehaus.plexus.classworlds.launcher.Launcher clean install

Host: Intel(R) Core(TM) i5-10210U CPU @ 1.60GHz, 8 cores, 7G,  Windows 10 , 64 bit Build 19041 (10.0.19041.804)
Time: Sun Mar 21 14:27:13 2021 India Standard Time elapsed time: 16.850659 seconds (0d 0h 0m 16s)

---------------  T H R E A D  ---------------

Current thread (0x00000199e790d000):  JavaThread "C2 CompilerThread0" daemon [_thread_in_native, id=10204, stack(0x00000078a7600000,0x00000078a7700000)]


Current CompileTask:
C2:  16850 5938   !   4       java.io.BufferedReader::readLine (304 bytes)

Stack: [0x00000078a7600000,0x00000078a7700000]
Native frames: (J=compiled Java code, j=interpreted, Vv=VM code, C=native code)
V  [jvm.dll+0x613e6a]
V  [jvm.dll+0x74c1ff]
V  [jvm.dll+0x74d885]
V  [jvm.dll+0x74df03]
V  [jvm.dll+0x243b78]
V  [jvm.dll+0xba2cc]
V  [jvm.dll+0xba9cc]
V  [jvm.dll+0x346982]
V  [jvm.dll+0x3147d3]
V  [jvm.dll+0x313b1a]
V  [jvm.dll+0x1fd395]
V  [jvm.dll+0x1fc54f]
V  [jvm.dll+0x17f09c]
V  [jvm.dll+0x20bbd4]
V  [jvm.dll+0x209cab]
V  [jvm.dll+0x713619]
V  [jvm.dll+0x70c314]
V  [jvm.dll+0x613036]
C  [ucrtbase.dll+0x21bb2]
C  [KERNEL32.DLL+0x17034]
C  [ntdll.dll+0x4d241]


---------------  P R O C E S S  ---------------

Threads class SMR info:
_java_thread_list=0x00000199ec6984d0, length=21, elements={
0x00000199c8ca9800, 0x00000199e78dc000, 0x00000199e78dd800, 0x00000199e7909800,
0x00000199e790b800, 0x00000199e790d000, 0x00000199e790e000, 0x00000199e8124000,
0x00000199e82f3800, 0x00000199e82f8800, 0x00000199ecc2e000, 0x00000199eccbe000,
0x00000199eae63800, 0x00000199ecc52800, 0x00000199ecc49000, 0x00000199ecbb9000,
0x00000199ec6a4000, 0x00000199ec6a5800, 0x00000199ec6a3800, 0x00000199ec6a5000,
0x00000199edb70800
}

Java Threads: ( => current thread )
  0x00000199c8ca9800 JavaThread "main" [_thread_in_native, id=12672, stack(0x00000078a6b00000,0x00000078a6c00000)]
  0x00000199e78dc000 JavaThread "Reference Handler" daemon [_thread_blocked, id=13252, stack(0x00000078a7200000,0x00000078a7300000)]
  0x00000199e78dd800 JavaThread "Finalizer" daemon [_thread_blocked, id=29372, stack(0x00000078a7300000,0x00000078a7400000)]
  0x00000199e7909800 JavaThread "Signal Dispatcher" daemon [_thread_blocked, id=18588, stack(0x00000078a7400000,0x00000078a7500000)]
  0x00000199e790b800 JavaThread "Attach Listener" daemon [_thread_blocked, id=26376, stack(0x00000078a7500000,0x00000078a7600000)]
=>0x00000199e790d000 JavaThread "C2 CompilerThread0" daemon [_thread_in_native, id=10204, stack(0x00000078a7600000,0x00000078a7700000)]
  0x00000199e790e000 JavaThread "C1 CompilerThread0" daemon [_thread_blocked, id=5796, stack(0x00000078a7700000,0x00000078a7800000)]
  0x00000199e8124000 JavaThread "Sweeper thread" daemon [_thread_blocked, id=35360, stack(0x00000078a7800000,0x00000078a7900000)]
  0x00000199e82f3800 JavaThread "Service Thread" daemon [_thread_blocked, id=9720, stack(0x00000078a7900000,0x00000078a7a00000)]
  0x00000199e82f8800 JavaThread "Common-Cleaner" daemon [_thread_blocked, id=25308, stack(0x00000078a7b00000,0x00000078a7c00000)]
  0x00000199ecc2e000 JavaThread "resolver-1" daemon [_thread_blocked, id=29528, stack(0x00000078a8100000,0x00000078a8200000)]
  0x00000199eccbe000 JavaThread "resolver-2" daemon [_thread_blocked, id=32084, stack(0x00000078a8200000,0x00000078a8300000)]
  0x00000199eae63800 JavaThread "resolver-3" daemon [_thread_blocked, id=16828, stack(0x00000078a8300000,0x00000078a8400000)]
  0x00000199ecc52800 JavaThread "resolver-4" daemon [_thread_blocked, id=27992, stack(0x00000078a8400000,0x00000078a8500000)]
  0x00000199ecc49000 JavaThread "resolver-5" daemon [_thread_blocked, id=13864, stack(0x00000078a8500000,0x00000078a8600000)]
  0x00000199ecbb9000 JavaThread "timeout-check-timer" daemon [_thread_blocked, id=35680, stack(0x00000078a8600000,0x00000078a8700000)]
  0x00000199ec6a4000 JavaThread "ping-timer-10s" daemon [_thread_blocked, id=23092, stack(0x00000078a8700000,0x00000078a8800000)]
  0x00000199ec6a5800 JavaThread "ThreadedStreamConsumer" daemon [_thread_in_Java, id=21676, stack(0x00000078a8800000,0x00000078a8900000)]
  0x00000199ec6a3800 JavaThread "Thread-2" [_thread_blocked, id=32452, stack(0x00000078a8900000,0x00000078a8a00000)]
  0x00000199ec6a5000 JavaThread "Thread-3" [_thread_in_native, id=31624, stack(0x00000078a8a00000,0x00000078a8b00000)]
  0x00000199edb70800 JavaThread "Thread-4" [_thread_in_native, id=16424, stack(0x00000078a8b00000,0x00000078a8c00000)]

Other Threads:
  0x00000199e78d8800 VMThread "VM Thread" [stack: 0x00000078a7100000,0x00000078a7200000] [id=35824]
  0x00000199e8308800 WatcherThread [stack: 0x00000078a7a00000,0x00000078a7b00000] [id=36252]
  0x00000199c8cbd800 GCTaskThread "GC Thread#0" [stack: 0x00000078a6c00000,0x00000078a6d00000] [id=1380]
  0x00000199e8f68800 GCTaskThread "GC Thread#1" [stack: 0x00000078a7e00000,0x00000078a7f00000] [id=35700]
  0x00000199e91b3800 GCTaskThread "GC Thread#2" [stack: 0x00000078a7f00000,0x00000078a8000000] [id=14504]
  0x00000199ecadf800 GCTaskThread "GC Thread#3" [stack: 0x00000078a8c00000,0x00000078a8d00000] [id=14988]
  0x00000199ede02800 GCTaskThread "GC Thread#4" [stack: 0x00000078a8d00000,0x00000078a8e00000] [id=34352]
  0x00000199ed6ae000 GCTaskThread "GC Thread#5" [stack: 0x00000078a8e00000,0x00000078a8f00000] [id=21004]
  0x00000199ec028000 GCTaskThread "GC Thread#6" [stack: 0x00000078a8f00000,0x00000078a9000000] [id=30704]
  0x00000199ec028800 GCTaskThread "GC Thread#7" [stack: 0x00000078a9000000,0x00000078a9100000] [id=25212]
  0x00000199c8cef800 ConcurrentGCThread "G1 Main Marker" [stack: 0x00000078a6d00000,0x00000078a6e00000] [id=23916]
  0x00000199c8cf0800 ConcurrentGCThread "G1 Conc#0" [stack: 0x00000078a6e00000,0x00000078a6f00000] [id=31812]
  0x00000199e9433800 ConcurrentGCThread "G1 Conc#1" [stack: 0x00000078a8000000,0x00000078a8100000] [id=8108]
  0x00000199c8d8d800 ConcurrentGCThread "G1 Refine#0" [stack: 0x00000078a6f00000,0x00000078a7000000] [id=21544]
  0x00000199e7742800 ConcurrentGCThread "G1 Young RemSet Sampling" [stack: 0x00000078a7000000,0x00000078a7100000] [id=19544]

Threads with active compile tasks:
C2 CompilerThread0  16897 5938   !   4       java.io.BufferedReader::readLine (304 bytes)
C1 CompilerThread0  16897 5944       3       sun.nio.cs.UTF_8$Encoder::encodeArrayLoop (489 bytes)

VM state:not at safepoint (normal execution)

VM Mutex/Monitor currently owned by a thread: None

Heap address: 0x0000000083800000, size: 1992 MB, Compressed Oops mode: 32-bit
Narrow klass base: 0x0000000000000000, Narrow klass shift: 3
Compressed class space size: 1073741824 Address: 0x0000000100000000

Heap:
 garbage-first heap   total 187392K, used 58321K [0x0000000083800000, 0x0000000100000000)
  region size 1024K, 8 young (8192K), 2 survivors (2048K)
 Metaspace       used 34912K, capacity 35782K, committed 35884K, reserved 1081344K
  class space    used 3619K, capacity 3925K, committed 3968K, reserved 1048576K
Heap Regions: E=young(eden), S=young(survivor), O=old, HS=humongous(starts), HC=humongous(continues), CS=collection set, F=free, A=archive, TAMS=top-at-mark-start (previous, next)
|   0|0x0000000083800000, 0x0000000083900000, 0x0000000083900000|100%| O|  |TAMS 0x0000000083900000, 0x0000000083800000| Untracked 
|   1|0x0000000083900000, 0x0000000083a00000, 0x0000000083a00000|100%| O|  |TAMS 0x0000000083a00000, 0x0000000083900000| Untracked 
|   2|0x0000000083a00000, 0x0000000083b00000, 0x0000000083b00000|100%| O|  |TAMS 0x0000000083b00000, 0x0000000083a00000| Untracked 
|   3|0x0000000083b00000, 0x0000000083c00000, 0x0000000083c00000|100%| O|  |TAMS 0x0000000083c00000, 0x0000000083b00000| Untracked 
|   4|0x0000000083c00000, 0x0000000083d00000, 0x0000000083d00000|100%| O|  |TAMS 0x0000000083d00000, 0x0000000083c00000| Untracked 
|   5|0x0000000083d00000, 0x0000000083e00000, 0x0000000083e00000|100%| O|  |TAMS 0x0000000083e00000, 0x0000000083d00000| Untracked 
|   6|0x0000000083e00000, 0x0000000083f00000, 0x0000000083f00000|100%| O|  |TAMS 0x0000000083f00000, 0x0000000083e00000| Untracked 
|   7|0x0000000083f00000, 0x0000000084000000, 0x0000000084000000|100%| O|  |TAMS 0x0000000084000000, 0x0000000083f00000| Untracked 
|   8|0x0000000084000000, 0x0000000084100000, 0x0000000084100000|100%| O|  |TAMS 0x0000000084100000, 0x0000000084000000| Untracked 
|   9|0x0000000084100000, 0x0000000084200000, 0x0000000084200000|100%| O|  |TAMS 0x0000000084200000, 0x0000000084100000| Untracked 
|  10|0x0000000084200000, 0x0000000084300000, 0x0000000084300000|100%| O|  |TAMS 0x0000000084300000, 0x0000000084200000| Untracked 
|  11|0x0000000084300000, 0x0000000084400000, 0x0000000084400000|100%| O|  |TAMS 0x0000000084400000, 0x0000000084300000| Untracked 
|  12|0x0000000084400000, 0x0000000084500000, 0x0000000084500000|100%| O|  |TAMS 0x0000000084500000, 0x0000000084400000| Untracked 
|  13|0x0000000084500000, 0x0000000084600000, 0x0000000084600000|100%| O|  |TAMS 0x0000000084600000, 0x0000000084500000| Untracked 
|  14|0x0000000084600000, 0x0000000084700000, 0x0000000084700000|100%| O|  |TAMS 0x0000000084700000, 0x0000000084600000| Untracked 
|  15|0x0000000084700000, 0x0000000084800000, 0x0000000084800000|100%| O|  |TAMS 0x0000000084800000, 0x0000000084700000| Untracked 
|  16|0x0000000084800000, 0x0000000084900000, 0x0000000084900000|100%| O|  |TAMS 0x0000000084900000, 0x0000000084800000| Untracked 
|  17|0x0000000084900000, 0x0000000084a00000, 0x0000000084a00000|100%| O|  |TAMS 0x0000000084a00000, 0x0000000084900000| Untracked 
|  18|0x0000000084a00000, 0x0000000084b00000, 0x0000000084b00000|100%| O|  |TAMS 0x0000000084b00000, 0x0000000084a00000| Untracked 
|  19|0x0000000084b00000, 0x0000000084c00000, 0x0000000084c00000|100%| O|  |TAMS 0x0000000084c00000, 0x0000000084b00000| Untracked 
|  20|0x0000000084c00000, 0x0000000084d00000, 0x0000000084d00000|100%| O|  |TAMS 0x0000000084d00000, 0x0000000084c00000| Untracked 
|  21|0x0000000084d00000, 0x0000000084e00000, 0x0000000084e00000|100%| O|  |TAMS 0x0000000084e00000, 0x0000000084d00000| Untracked 
|  22|0x0000000084e00000, 0x0000000084f00000, 0x0000000084f00000|100%| O|  |TAMS 0x0000000084f00000, 0x0000000084e00000| Untracked 
|  23|0x0000000084f00000, 0x0000000085000000, 0x0000000085000000|100%| O|  |TAMS 0x0000000085000000, 0x0000000084f00000| Untracked 
|  24|0x0000000085000000, 0x0000000085100000, 0x0000000085100000|100%| O|  |TAMS 0x0000000085100000, 0x0000000085000000| Untracked 
|  25|0x0000000085100000, 0x0000000085200000, 0x0000000085200000|100%| O|  |TAMS 0x0000000085200000, 0x0000000085100000| Untracked 
|  26|0x0000000085200000, 0x0000000085300000, 0x0000000085300000|100%| O|  |TAMS 0x0000000085300000, 0x0000000085200000| Untracked 
|  27|0x0000000085300000, 0x0000000085400000, 0x0000000085400000|100%| O|  |TAMS 0x0000000085400000, 0x0000000085300000| Untracked 
|  28|0x0000000085400000, 0x0000000085500000, 0x0000000085500000|100%| O|  |TAMS 0x0000000085500000, 0x0000000085400000| Untracked 
|  29|0x0000000085500000, 0x0000000085600000, 0x0000000085600000|100%| O|  |TAMS 0x0000000085600000, 0x0000000085500000| Untracked 
|  30|0x0000000085600000, 0x0000000085700000, 0x0000000085700000|100%| O|  |TAMS 0x0000000085700000, 0x0000000085600000| Untracked 
|  31|0x0000000085700000, 0x0000000085800000, 0x0000000085800000|100%| O|  |TAMS 0x0000000085800000, 0x0000000085700000| Untracked 
|  32|0x0000000085800000, 0x0000000085900000, 0x0000000085900000|100%| O|  |TAMS 0x0000000085900000, 0x0000000085800000| Untracked 
|  33|0x0000000085900000, 0x0000000085a00000, 0x0000000085a00000|100%| O|  |TAMS 0x0000000085a00000, 0x0000000085900000| Untracked 
|  34|0x0000000085a00000, 0x0000000085b00000, 0x0000000085b00000|100%| O|  |TAMS 0x0000000085b00000, 0x0000000085a00000| Untracked 
|  35|0x0000000085b00000, 0x0000000085c00000, 0x0000000085c00000|100%| O|  |TAMS 0x0000000085c00000, 0x0000000085b00000| Untracked 
|  36|0x0000000085c00000, 0x0000000085d00000, 0x0000000085d00000|100%| O|  |TAMS 0x0000000085d00000, 0x0000000085c00000| Untracked 
|  37|0x0000000085d00000, 0x0000000085e00000, 0x0000000085e00000|100%| O|  |TAMS 0x0000000085e00000, 0x0000000085d00000| Untracked 
|  38|0x0000000085e00000, 0x0000000085f00000, 0x0000000085f00000|100%| O|  |TAMS 0x0000000085f00000, 0x0000000085e00000| Untracked 
|  39|0x0000000085f00000, 0x0000000086000000, 0x0000000086000000|100%| O|  |TAMS 0x0000000086000000, 0x0000000085f00000| Untracked 
|  40|0x0000000086000000, 0x0000000086100000, 0x0000000086100000|100%| O|  |TAMS 0x0000000086100000, 0x0000000086000000| Untracked 
|  41|0x0000000086100000, 0x0000000086200000, 0x0000000086200000|100%| O|  |TAMS 0x0000000086200000, 0x0000000086100000| Untracked 
|  42|0x0000000086200000, 0x0000000086300000, 0x0000000086300000|100%| O|  |TAMS 0x0000000086300000, 0x0000000086200000| Untracked 
|  43|0x0000000086300000, 0x0000000086400000, 0x0000000086400000|100%| O|  |TAMS 0x0000000086400000, 0x0000000086300000| Untracked 
|  44|0x0000000086400000, 0x0000000086500000, 0x0000000086500000|100%| O|  |TAMS 0x0000000086500000, 0x0000000086400000| Untracked 
|  45|0x0000000086500000, 0x0000000086600000, 0x0000000086600000|100%| O|  |TAMS 0x0000000086600000, 0x0000000086500000| Untracked 
|  46|0x0000000086600000, 0x0000000086700000, 0x0000000086700000|100%| O|  |TAMS 0x0000000086700000, 0x0000000086600000| Untracked 
|  47|0x0000000086700000, 0x0000000086800000, 0x0000000086800000|100%| O|  |TAMS 0x0000000086800000, 0x0000000086700000| Untracked 
|  48|0x0000000086800000, 0x0000000086900000, 0x0000000086900000|100%| O|  |TAMS 0x0000000086900000, 0x0000000086800000| Untracked 
|  49|0x0000000086900000, 0x0000000086a00000, 0x0000000086a00000|100%| O|  |TAMS 0x0000000086a00000, 0x0000000086900000| Untracked 
|  50|0x0000000086a00000, 0x0000000086a97a00, 0x0000000086b00000| 59%| O|  |TAMS 0x0000000086a97a00, 0x0000000086a00000| Untracked 
|  51|0x0000000086b00000, 0x0000000086b00000, 0x0000000086c00000|  0%| F|  |TAMS 0x0000000086b00000, 0x0000000086b00000| Untracked 
|  52|0x0000000086c00000, 0x0000000086c00000, 0x0000000086d00000|  0%| F|  |TAMS 0x0000000086c00000, 0x0000000086c00000| Untracked 
|  53|0x0000000086d00000, 0x0000000086d00000, 0x0000000086e00000|  0%| F|  |TAMS 0x0000000086d00000, 0x0000000086d00000| Untracked 
|  54|0x0000000086e00000, 0x0000000086e00000, 0x0000000086f00000|  0%| F|  |TAMS 0x0000000086e00000, 0x0000000086e00000| Untracked 
|  55|0x0000000086f00000, 0x0000000086f00000, 0x0000000087000000|  0%| F|  |TAMS 0x0000000086f00000, 0x0000000086f00000| Untracked 
|  56|0x0000000087000000, 0x0000000087000000, 0x0000000087100000|  0%| F|  |TAMS 0x0000000087000000, 0x0000000087000000| Untracked 
|  57|0x0000000087100000, 0x0000000087100000, 0x0000000087200000|  0%| F|  |TAMS 0x0000000087100000, 0x0000000087100000| Untracked 
|  58|0x0000000087200000, 0x0000000087200000, 0x0000000087300000|  0%| F|  |TAMS 0x0000000087200000, 0x0000000087200000| Untracked 
|  59|0x0000000087300000, 0x0000000087300000, 0x0000000087400000|  0%| F|  |TAMS 0x0000000087300000, 0x0000000087300000| Untracked 
|  60|0x0000000087400000, 0x0000000087400000, 0x0000000087500000|  0%| F|  |TAMS 0x0000000087400000, 0x0000000087400000| Untracked 
|  61|0x0000000087500000, 0x0000000087500000, 0x0000000087600000|  0%| F|  |TAMS 0x0000000087500000, 0x0000000087500000| Untracked 
|  62|0x0000000087600000, 0x0000000087600000, 0x0000000087700000|  0%| F|  |TAMS 0x0000000087600000, 0x0000000087600000| Untracked 
|  63|0x0000000087700000, 0x0000000087700000, 0x0000000087800000|  0%| F|  |TAMS 0x0000000087700000, 0x0000000087700000| Untracked 
|  64|0x0000000087800000, 0x0000000087800000, 0x0000000087900000|  0%| F|  |TAMS 0x0000000087800000, 0x0000000087800000| Untracked 
|  65|0x0000000087900000, 0x0000000087900000, 0x0000000087a00000|  0%| F|  |TAMS 0x0000000087900000, 0x0000000087900000| Untracked 
|  66|0x0000000087a00000, 0x0000000087a00000, 0x0000000087b00000|  0%| F|  |TAMS 0x0000000087a00000, 0x0000000087a00000| Untracked 
|  67|0x0000000087b00000, 0x0000000087b00000, 0x0000000087c00000|  0%| F|  |TAMS 0x0000000087b00000, 0x0000000087b00000| Untracked 
|  68|0x0000000087c00000, 0x0000000087c00000, 0x0000000087d00000|  0%| F|  |TAMS 0x0000000087c00000, 0x0000000087c00000| Untracked 
|  69|0x0000000087d00000, 0x0000000087d00000, 0x0000000087e00000|  0%| F|  |TAMS 0x0000000087d00000, 0x0000000087d00000| Untracked 
|  70|0x0000000087e00000, 0x0000000087e00000, 0x0000000087f00000|  0%| F|  |TAMS 0x0000000087e00000, 0x0000000087e00000| Untracked 
|  71|0x0000000087f00000, 0x0000000087f00000, 0x0000000088000000|  0%| F|  |TAMS 0x0000000087f00000, 0x0000000087f00000| Untracked 
|  72|0x0000000088000000, 0x0000000088000000, 0x0000000088100000|  0%| F|  |TAMS 0x0000000088000000, 0x0000000088000000| Untracked 
|  73|0x0000000088100000, 0x0000000088100000, 0x0000000088200000|  0%| F|  |TAMS 0x0000000088100000, 0x0000000088100000| Untracked 
|  74|0x0000000088200000, 0x0000000088200000, 0x0000000088300000|  0%| F|  |TAMS 0x0000000088200000, 0x0000000088200000| Untracked 
|  75|0x0000000088300000, 0x0000000088300000, 0x0000000088400000|  0%| F|  |TAMS 0x0000000088300000, 0x0000000088300000| Untracked 
|  76|0x0000000088400000, 0x0000000088400000, 0x0000000088500000|  0%| F|  |TAMS 0x0000000088400000, 0x0000000088400000| Untracked 
|  77|0x0000000088500000, 0x0000000088500000, 0x0000000088600000|  0%| F|  |TAMS 0x0000000088500000, 0x0000000088500000| Untracked 
|  78|0x0000000088600000, 0x0000000088600000, 0x0000000088700000|  0%| F|  |TAMS 0x0000000088600000, 0x0000000088600000| Untracked 
|  79|0x0000000088700000, 0x0000000088700000, 0x0000000088800000|  0%| F|  |TAMS 0x0000000088700000, 0x0000000088700000| Untracked 
|  80|0x0000000088800000, 0x0000000088800000, 0x0000000088900000|  0%| F|  |TAMS 0x0000000088800000, 0x0000000088800000| Untracked 
|  81|0x0000000088900000, 0x0000000088900000, 0x0000000088a00000|  0%| F|  |TAMS 0x0000000088900000, 0x0000000088900000| Untracked 
|  82|0x0000000088a00000, 0x0000000088a00000, 0x0000000088b00000|  0%| F|  |TAMS 0x0000000088a00000, 0x0000000088a00000| Untracked 
|  83|0x0000000088b00000, 0x0000000088b00000, 0x0000000088c00000|  0%| F|  |TAMS 0x0000000088b00000, 0x0000000088b00000| Untracked 
|  84|0x0000000088c00000, 0x0000000088c00000, 0x0000000088d00000|  0%| F|  |TAMS 0x0000000088c00000, 0x0000000088c00000| Untracked 
|  85|0x0000000088d00000, 0x0000000088d00000, 0x0000000088e00000|  0%| F|  |TAMS 0x0000000088d00000, 0x0000000088d00000| Untracked 
|  86|0x0000000088e00000, 0x0000000088e00000, 0x0000000088f00000|  0%| F|  |TAMS 0x0000000088e00000, 0x0000000088e00000| Untracked 
|  87|0x0000000088f00000, 0x0000000088f00000, 0x0000000089000000|  0%| F|  |TAMS 0x0000000088f00000, 0x0000000088f00000| Untracked 
|  88|0x0000000089000000, 0x0000000089000000, 0x0000000089100000|  0%| F|  |TAMS 0x0000000089000000, 0x0000000089000000| Untracked 
|  89|0x0000000089100000, 0x0000000089100000, 0x0000000089200000|  0%| F|  |TAMS 0x0000000089100000, 0x0000000089100000| Untracked 
|  90|0x0000000089200000, 0x0000000089200000, 0x0000000089300000|  0%| F|  |TAMS 0x0000000089200000, 0x0000000089200000| Untracked 
|  91|0x0000000089300000, 0x0000000089300000, 0x0000000089400000|  0%| F|  |TAMS 0x0000000089300000, 0x0000000089300000| Untracked 
|  92|0x0000000089400000, 0x0000000089400000, 0x0000000089500000|  0%| F|  |TAMS 0x0000000089400000, 0x0000000089400000| Untracked 
|  93|0x0000000089500000, 0x0000000089500000, 0x0000000089600000|  0%| F|  |TAMS 0x0000000089500000, 0x0000000089500000| Untracked 
|  94|0x0000000089600000, 0x0000000089600000, 0x0000000089700000|  0%| F|  |TAMS 0x0000000089600000, 0x0000000089600000| Untracked 
|  95|0x0000000089700000, 0x0000000089700000, 0x0000000089800000|  0%| F|  |TAMS 0x0000000089700000, 0x0000000089700000| Untracked 
|  96|0x0000000089800000, 0x0000000089800000, 0x0000000089900000|  0%| F|  |TAMS 0x0000000089800000, 0x0000000089800000| Untracked 
|  97|0x0000000089900000, 0x0000000089900000, 0x0000000089a00000|  0%| F|  |TAMS 0x0000000089900000, 0x0000000089900000| Untracked 
|  98|0x0000000089a00000, 0x0000000089a00000, 0x0000000089b00000|  0%| F|  |TAMS 0x0000000089a00000, 0x0000000089a00000| Untracked 
|  99|0x0000000089b00000, 0x0000000089b00000, 0x0000000089c00000|  0%| F|  |TAMS 0x0000000089b00000, 0x0000000089b00000| Untracked 
| 100|0x0000000089c00000, 0x0000000089c00000, 0x0000000089d00000|  0%| F|  |TAMS 0x0000000089c00000, 0x0000000089c00000| Untracked 
| 101|0x0000000089d00000, 0x0000000089d00000, 0x0000000089e00000|  0%| F|  |TAMS 0x0000000089d00000, 0x0000000089d00000| Untracked 
| 102|0x0000000089e00000, 0x0000000089e00000, 0x0000000089f00000|  0%| F|  |TAMS 0x0000000089e00000, 0x0000000089e00000| Untracked 
| 103|0x0000000089f00000, 0x0000000089f00000, 0x000000008a000000|  0%| F|  |TAMS 0x0000000089f00000, 0x0000000089f00000| Untracked 
| 104|0x000000008a000000, 0x000000008a000000, 0x000000008a100000|  0%| F|  |TAMS 0x000000008a000000, 0x000000008a000000| Untracked 
| 105|0x000000008a100000, 0x000000008a100000, 0x000000008a200000|  0%| F|  |TAMS 0x000000008a100000, 0x000000008a100000| Untracked 
| 106|0x000000008a200000, 0x000000008a200000, 0x000000008a300000|  0%| F|  |TAMS 0x000000008a200000, 0x000000008a200000| Untracked 
| 107|0x000000008a300000, 0x000000008a300000, 0x000000008a400000|  0%| F|  |TAMS 0x000000008a300000, 0x000000008a300000| Untracked 
| 108|0x000000008a400000, 0x000000008a400000, 0x000000008a500000|  0%| F|  |TAMS 0x000000008a400000, 0x000000008a400000| Untracked 
| 109|0x000000008a500000, 0x000000008a500000, 0x000000008a600000|  0%| F|  |TAMS 0x000000008a500000, 0x000000008a500000| Untracked 
| 110|0x000000008a600000, 0x000000008a600000, 0x000000008a700000|  0%| F|  |TAMS 0x000000008a600000, 0x000000008a600000| Untracked 
| 111|0x000000008a700000, 0x000000008a700000, 0x000000008a800000|  0%| F|  |TAMS 0x000000008a700000, 0x000000008a700000| Untracked 
| 112|0x000000008a800000, 0x000000008a800000, 0x000000008a900000|  0%| F|  |TAMS 0x000000008a800000, 0x000000008a800000| Untracked 
| 113|0x000000008a900000, 0x000000008a900000, 0x000000008aa00000|  0%| F|  |TAMS 0x000000008a900000, 0x000000008a900000| Untracked 
| 114|0x000000008aa00000, 0x000000008aa00000, 0x000000008ab00000|  0%| F|  |TAMS 0x000000008aa00000, 0x000000008aa00000| Untracked 
| 115|0x000000008ab00000, 0x000000008ab00000, 0x000000008ac00000|  0%| F|  |TAMS 0x000000008ab00000, 0x000000008ab00000| Untracked 
| 116|0x000000008ac00000, 0x000000008ac00000, 0x000000008ad00000|  0%| F|  |TAMS 0x000000008ac00000, 0x000000008ac00000| Untracked 
| 117|0x000000008ad00000, 0x000000008ad00000, 0x000000008ae00000|  0%| F|  |TAMS 0x000000008ad00000, 0x000000008ad00000| Untracked 
| 118|0x000000008ae00000, 0x000000008ae00000, 0x000000008af00000|  0%| F|  |TAMS 0x000000008ae00000, 0x000000008ae00000| Untracked 
| 119|0x000000008af00000, 0x000000008af00000, 0x000000008b000000|  0%| F|  |TAMS 0x000000008af00000, 0x000000008af00000| Untracked 
| 120|0x000000008b000000, 0x000000008b000000, 0x000000008b100000|  0%| F|  |TAMS 0x000000008b000000, 0x000000008b000000| Untracked 
| 121|0x000000008b100000, 0x000000008b100000, 0x000000008b200000|  0%| F|  |TAMS 0x000000008b100000, 0x000000008b100000| Untracked 
| 122|0x000000008b200000, 0x000000008b200000, 0x000000008b300000|  0%| F|  |TAMS 0x000000008b200000, 0x000000008b200000| Untracked 
| 123|0x000000008b300000, 0x000000008b300000, 0x000000008b400000|  0%| F|  |TAMS 0x000000008b300000, 0x000000008b300000| Untracked 
| 124|0x000000008b400000, 0x000000008b400000, 0x000000008b500000|  0%| F|  |TAMS 0x000000008b400000, 0x000000008b400000| Untracked 
| 125|0x000000008b500000, 0x000000008b500000, 0x000000008b600000|  0%| F|  |TAMS 0x000000008b500000, 0x000000008b500000| Untracked 
| 126|0x000000008b600000, 0x000000008b600000, 0x000000008b700000|  0%| F|  |TAMS 0x000000008b600000, 0x000000008b600000| Untracked 
| 127|0x000000008b700000, 0x000000008b700000, 0x000000008b800000|  0%| F|  |TAMS 0x000000008b700000, 0x000000008b700000| Untracked 
| 128|0x000000008b800000, 0x000000008b800000, 0x000000008b900000|  0%| F|  |TAMS 0x000000008b800000, 0x000000008b800000| Untracked 
| 129|0x000000008b900000, 0x000000008b900000, 0x000000008ba00000|  0%| F|  |TAMS 0x000000008b900000, 0x000000008b900000| Untracked 
| 130|0x000000008ba00000, 0x000000008ba00000, 0x000000008bb00000|  0%| F|  |TAMS 0x000000008ba00000, 0x000000008ba00000| Untracked 
| 131|0x000000008bb00000, 0x000000008bb00000, 0x000000008bc00000|  0%| F|  |TAMS 0x000000008bb00000, 0x000000008bb00000| Untracked 
| 132|0x000000008bc00000, 0x000000008bc00000, 0x000000008bd00000|  0%| F|  |TAMS 0x000000008bc00000, 0x000000008bc00000| Untracked 
| 133|0x000000008bd00000, 0x000000008bd00000, 0x000000008be00000|  0%| F|  |TAMS 0x000000008bd00000, 0x000000008bd00000| Untracked 
| 134|0x000000008be00000, 0x000000008be00000, 0x000000008bf00000|  0%| F|  |TAMS 0x000000008be00000, 0x000000008be00000| Untracked 
| 135|0x000000008bf00000, 0x000000008bf00000, 0x000000008c000000|  0%| F|  |TAMS 0x000000008bf00000, 0x000000008bf00000| Untracked 
| 136|0x000000008c000000, 0x000000008c000000, 0x000000008c100000|  0%| F|  |TAMS 0x000000008c000000, 0x000000008c000000| Untracked 
| 137|0x000000008c100000, 0x000000008c100000, 0x000000008c200000|  0%| F|  |TAMS 0x000000008c100000, 0x000000008c100000| Untracked 
| 138|0x000000008c200000, 0x000000008c200000, 0x000000008c300000|  0%| F|  |TAMS 0x000000008c200000, 0x000000008c200000| Untracked 
| 139|0x000000008c300000, 0x000000008c300000, 0x000000008c400000|  0%| F|  |TAMS 0x000000008c300000, 0x000000008c300000| Untracked 
| 140|0x000000008c400000, 0x000000008c400000, 0x000000008c500000|  0%| F|  |TAMS 0x000000008c400000, 0x000000008c400000| Untracked 
| 141|0x000000008c500000, 0x000000008c500000, 0x000000008c600000|  0%| F|  |TAMS 0x000000008c500000, 0x000000008c500000| Untracked 
| 142|0x000000008c600000, 0x000000008c600000, 0x000000008c700000|  0%| F|  |TAMS 0x000000008c600000, 0x000000008c600000| Untracked 
| 143|0x000000008c700000, 0x000000008c700000, 0x000000008c800000|  0%| F|  |TAMS 0x000000008c700000, 0x000000008c700000| Untracked 
| 144|0x000000008c800000, 0x000000008c800000, 0x000000008c900000|  0%| F|  |TAMS 0x000000008c800000, 0x000000008c800000| Untracked 
| 145|0x000000008c900000, 0x000000008c95cc00, 0x000000008ca00000| 36%| S|CS|TAMS 0x000000008c900000, 0x000000008c900000| Complete 
| 146|0x000000008ca00000, 0x000000008cb00000, 0x000000008cb00000|100%| S|CS|TAMS 0x000000008ca00000, 0x000000008ca00000| Complete 
| 147|0x000000008cb00000, 0x000000008cb00000, 0x000000008cc00000|  0%| F|  |TAMS 0x000000008cb00000, 0x000000008cb00000| Untracked 
| 148|0x000000008cc00000, 0x000000008cc00000, 0x000000008cd00000|  0%| F|  |TAMS 0x000000008cc00000, 0x000000008cc00000| Untracked 
| 149|0x000000008cd00000, 0x000000008cd00000, 0x000000008ce00000|  0%| F|  |TAMS 0x000000008cd00000, 0x000000008cd00000| Untracked 
| 150|0x000000008ce00000, 0x000000008ce00000, 0x000000008cf00000|  0%| F|  |TAMS 0x000000008ce00000, 0x000000008ce00000| Untracked 
| 151|0x000000008cf00000, 0x000000008cf00000, 0x000000008d000000|  0%| F|  |TAMS 0x000000008cf00000, 0x000000008cf00000| Untracked 
| 152|0x000000008d000000, 0x000000008d000000, 0x000000008d100000|  0%| F|  |TAMS 0x000000008d000000, 0x000000008d000000| Untracked 
| 153|0x000000008d100000, 0x000000008d100000, 0x000000008d200000|  0%| F|  |TAMS 0x000000008d100000, 0x000000008d100000| Untracked 
| 154|0x000000008d200000, 0x000000008d200000, 0x000000008d300000|  0%| F|  |TAMS 0x000000008d200000, 0x000000008d200000| Untracked 
| 155|0x000000008d300000, 0x000000008d300000, 0x000000008d400000|  0%| F|  |TAMS 0x000000008d300000, 0x000000008d300000| Untracked 
| 156|0x000000008d400000, 0x000000008d400000, 0x000000008d500000|  0%| F|  |TAMS 0x000000008d400000, 0x000000008d400000| Untracked 
| 157|0x000000008d500000, 0x000000008d500000, 0x000000008d600000|  0%| F|  |TAMS 0x000000008d500000, 0x000000008d500000| Untracked 
| 158|0x000000008d600000, 0x000000008d600000, 0x000000008d700000|  0%| F|  |TAMS 0x000000008d600000, 0x000000008d600000| Untracked 
| 159|0x000000008d700000, 0x000000008d700000, 0x000000008d800000|  0%| F|  |TAMS 0x000000008d700000, 0x000000008d700000| Untracked 
| 160|0x000000008d800000, 0x000000008d800000, 0x000000008d900000|  0%| F|  |TAMS 0x000000008d800000, 0x000000008d800000| Untracked 
| 161|0x000000008d900000, 0x000000008d900000, 0x000000008da00000|  0%| F|  |TAMS 0x000000008d900000, 0x000000008d900000| Untracked 
| 162|0x000000008da00000, 0x000000008da00000, 0x000000008db00000|  0%| F|  |TAMS 0x000000008da00000, 0x000000008da00000| Untracked 
| 163|0x000000008db00000, 0x000000008db00000, 0x000000008dc00000|  0%| F|  |TAMS 0x000000008db00000, 0x000000008db00000| Untracked 
| 164|0x000000008dc00000, 0x000000008dc00000, 0x000000008dd00000|  0%| F|  |TAMS 0x000000008dc00000, 0x000000008dc00000| Untracked 
| 165|0x000000008dd00000, 0x000000008dd00000, 0x000000008de00000|  0%| F|  |TAMS 0x000000008dd00000, 0x000000008dd00000| Untracked 
| 166|0x000000008de00000, 0x000000008de00000, 0x000000008df00000|  0%| F|  |TAMS 0x000000008de00000, 0x000000008de00000| Untracked 
| 167|0x000000008df00000, 0x000000008df00000, 0x000000008e000000|  0%| F|  |TAMS 0x000000008df00000, 0x000000008df00000| Untracked 
| 168|0x000000008e000000, 0x000000008e000000, 0x000000008e100000|  0%| F|  |TAMS 0x000000008e000000, 0x000000008e000000| Untracked 
| 169|0x000000008e100000, 0x000000008e100000, 0x000000008e200000|  0%| F|  |TAMS 0x000000008e100000, 0x000000008e100000| Untracked 
| 170|0x000000008e200000, 0x000000008e200000, 0x000000008e300000|  0%| F|  |TAMS 0x000000008e200000, 0x000000008e200000| Untracked 
| 171|0x000000008e300000, 0x000000008e300000, 0x000000008e400000|  0%| F|  |TAMS 0x000000008e300000, 0x000000008e300000| Untracked 
| 172|0x000000008e400000, 0x000000008e400000, 0x000000008e500000|  0%| F|  |TAMS 0x000000008e400000, 0x000000008e400000| Untracked 
| 173|0x000000008e500000, 0x000000008e500000, 0x000000008e600000|  0%| F|  |TAMS 0x000000008e500000, 0x000000008e500000| Untracked 
| 174|0x000000008e600000, 0x000000008e600000, 0x000000008e700000|  0%| F|  |TAMS 0x000000008e600000, 0x000000008e600000| Untracked 
| 175|0x000000008e700000, 0x000000008e700000, 0x000000008e800000|  0%| F|  |TAMS 0x000000008e700000, 0x000000008e700000| Untracked 
| 176|0x000000008e800000, 0x000000008e800000, 0x000000008e900000|  0%| F|  |TAMS 0x000000008e800000, 0x000000008e800000| Untracked 
| 177|0x000000008e900000, 0x000000008e9a85b8, 0x000000008ea00000| 65%| E|  |TAMS 0x000000008e900000, 0x000000008e900000| Complete 
| 178|0x000000008ea00000, 0x000000008eb00000, 0x000000008eb00000|100%| E|CS|TAMS 0x000000008ea00000, 0x000000008ea00000| Complete 
| 179|0x000000008eb00000, 0x000000008ec00000, 0x000000008ec00000|100%| E|CS|TAMS 0x000000008eb00000, 0x000000008eb00000| Complete 
| 180|0x000000008ec00000, 0x000000008ed00000, 0x000000008ed00000|100%| E|CS|TAMS 0x000000008ec00000, 0x000000008ec00000| Complete 
| 181|0x000000008ed00000, 0x000000008ee00000, 0x000000008ee00000|100%| E|CS|TAMS 0x000000008ed00000, 0x000000008ed00000| Complete 
| 182|0x000000008ee00000, 0x000000008ef00000, 0x000000008ef00000|100%| E|CS|TAMS 0x000000008ee00000, 0x000000008ee00000| Complete 

Card table byte_map: [0x00000199e0860000,0x00000199e0c50000] _byte_map_base: 0x00000199e0444000

Marking Bits (Prev, Next): (CMBitMap*) 0x00000199c8ce6c68, (CMBitMap*) 0x00000199c8ce6ca0
 Prev Bits: [0x00000199e1040000, 0x00000199e2f60000)
 Next Bits: [0x00000199e2f60000, 0x00000199e4e80000)

Polling page: 0x00000199c6c40000

Metaspace:

Usage:
  Non-class:     31.11 MB capacity,    30.56 MB ( 98%) used,   505.84 KB (  2%) free+waste,    57.00 KB ( <1%) overhead. 
      Class:      3.83 MB capacity,     3.53 MB ( 92%) used,   282.19 KB (  7%) free+waste,    23.63 KB ( <1%) overhead. 
       Both:     34.94 MB capacity,    34.10 MB ( 98%) used,   788.03 KB (  2%) free+waste,    80.63 KB ( <1%) overhead. 

Virtual space:
  Non-class space:       32.00 MB reserved,      31.17 MB ( 97%) committed 
      Class space:        1.00 GB reserved,       3.88 MB ( <1%) committed 
             Both:        1.03 GB reserved,      35.04 MB (  3%) committed 

Chunk freelists:
   Non-Class:  1.88 KB
       Class:  1.38 KB
        Both:  3.25 KB

CodeHeap 'non-profiled nmethods': size=120000Kb used=4226Kb max_used=4226Kb free=115773Kb
 bounds [0x00000199d8c10000, 0x00000199d9040000, 0x00000199e0140000]
CodeHeap 'profiled nmethods': size=120000Kb used=14142Kb max_used=14142Kb free=105857Kb
 bounds [0x00000199d16e0000, 0x00000199d24b0000, 0x00000199d8c10000]
CodeHeap 'non-nmethods': size=5760Kb used=1155Kb max_used=1204Kb free=4604Kb
 bounds [0x00000199d1140000, 0x00000199d13b0000, 0x00000199d16e0000]
 total_blobs=6440 nmethods=5941 adapters=410
 compilation: enabled
              stopped_count=0, restarted_count=0
 full_count=0

Compilation events (10 events):
Event: 15.347 Thread 0x00000199e790e000 nmethod 5934 0x00000199d24a7b90 code [0x00000199d24a7dc0, 0x00000199d24a84c8]
Event: 15.347 Thread 0x00000199e790e000 5935       3       java.util.concurrent.ScheduledThreadPoolExecutor::canRunInCurrentRunState (61 bytes)
Event: 15.348 Thread 0x00000199e790e000 nmethod 5935 0x00000199d24a8790 code [0x00000199d24a89a0, 0x00000199d24a91c8]
Event: 15.534 Thread 0x00000199e790e000 5936       3       java.util.concurrent.locks.LockSupport::setBlocker (12 bytes)
Event: 15.535 Thread 0x00000199e790e000 nmethod 5936 0x00000199d24a9410 code [0x00000199d24a95a0, 0x00000199d24a96d8]
Event: 15.943 Thread 0x00000199e790e000 5937       3       java.util.concurrent.locks.AbstractQueuedSynchronizer::isOnSyncQueue (33 bytes)
Event: 15.943 Thread 0x00000199e790e000 nmethod 5937 0x00000199d24a9790 code [0x00000199d24a9940, 0x00000199d24a9c98]
Event: 16.816 Thread 0x00000199e790d000 5938   !   4       java.io.BufferedReader::readLine (304 bytes)
Event: 16.817 Thread 0x00000199e790e000 5940       3       sun.nio.cs.SingleByte$Decoder::decodeLoop (28 bytes)
Event: 16.817 Thread 0x00000199e790e000 nmethod 5940 0x00000199d24a9e10 code [0x00000199d24a9fe0, 0x00000199d24aa3b8]

GC Heap History (10 events):
Event: 4.353 GC heap before
{Heap before GC invocations=5 (full 0):
 garbage-first heap   total 129024K, used 85168K [0x0000000083800000, 0x0000000100000000)
  region size 1024K, 75 young (76800K), 10 survivors (10240K)
 Metaspace       used 22997K, capacity 23544K, committed 23808K, reserved 1071104K
  class space    used 2333K, capacity 2503K, committed 2560K, reserved 1048576K
}
Event: 4.368 GC heap after
{Heap after GC invocations=6 (full 0):
 garbage-first heap   total 155648K, used 22799K [0x0000000083800000, 0x0000000100000000)
  region size 1024K, 5 young (5120K), 5 survivors (5120K)
 Metaspace       used 22997K, capacity 23544K, committed 23808K, reserved 1071104K
  class space    used 2333K, capacity 2503K, committed 2560K, reserved 1048576K
}
Event: 5.565 GC heap before
{Heap before GC invocations=6 (full 0):
 garbage-first heap   total 155648K, used 99599K [0x0000000083800000, 0x0000000100000000)
  region size 1024K, 81 young (82944K), 5 survivors (5120K)
 Metaspace       used 31172K, capacity 31896K, committed 32000K, reserved 1077248K
  class space    used 3286K, capacity 3550K, committed 3584K, reserved 1048576K
}
Event: 5.578 GC heap after
{Heap after GC invocations=7 (full 0):
 garbage-first heap   total 155648K, used 39424K [0x0000000083800000, 0x0000000100000000)
  region size 1024K, 11 young (11264K), 11 survivors (11264K)
 Metaspace       used 31172K, capacity 31896K, committed 32000K, reserved 1077248K
  class space    used 3286K, capacity 3550K, committed 3584K, reserved 1048576K
}
Event: 6.220 GC heap before
{Heap before GC invocations=7 (full 0):
 garbage-first heap   total 155648K, used 105984K [0x0000000083800000, 0x0000000100000000)
  region size 1024K, 77 young (78848K), 11 survivors (11264K)
 Metaspace       used 32418K, capacity 33120K, committed 33408K, reserved 1079296K
  class space    used 3402K, capacity 3679K, committed 3712K, reserved 1048576K
}
Event: 6.232 GC heap after
{Heap after GC invocations=8 (full 0):
 garbage-first heap   total 155648K, used 49152K [0x0000000083800000, 0x0000000100000000)
  region size 1024K, 10 young (10240K), 10 survivors (10240K)
 Metaspace       used 32418K, capacity 33120K, committed 33408K, reserved 1079296K
  class space    used 3402K, capacity 3679K, committed 3712K, reserved 1048576K
}
Event: 7.033 GC heap before
{Heap before GC invocations=8 (full 0):
 garbage-first heap   total 155648K, used 107520K [0x0000000083800000, 0x0000000100000000)
  region size 1024K, 67 young (68608K), 10 survivors (10240K)
 Metaspace       used 34183K, capacity 34926K, committed 35200K, reserved 1081344K
  class space    used 3547K, capacity 3852K, committed 3968K, reserved 1048576K
}
Event: 7.047 GC heap after
{Heap after GC invocations=9 (full 0):
 garbage-first heap   total 155648K, used 51712K [0x0000000083800000, 0x0000000100000000)
  region size 1024K, 8 young (8192K), 8 survivors (8192K)
 Metaspace       used 34183K, capacity 34926K, committed 35200K, reserved 1081344K
  class space    used 3547K, capacity 3852K, committed 3968K, reserved 1048576K
}
Event: 7.188 GC heap before
{Heap before GC invocations=9 (full 0):
 garbage-first heap   total 155648K, used 55808K [0x0000000083800000, 0x0000000100000000)
  region size 1024K, 13 young (13312K), 8 survivors (8192K)
 Metaspace       used 34741K, capacity 35522K, committed 35628K, reserved 1081344K
  class space    used 3598K, capacity 3924K, committed 3968K, reserved 1048576K
}
Event: 7.194 GC heap after
{Heap after GC invocations=10 (full 0):
 garbage-first heap   total 187392K, used 53201K [0x0000000083800000, 0x0000000100000000)
  region size 1024K, 2 young (2048K), 2 survivors (2048K)
 Metaspace       used 34741K, capacity 35522K, committed 35628K, reserved 1081344K
  class space    used 3598K, capacity 3924K, committed 3968K, reserved 1048576K
}

Deoptimization events (10 events):
Event: 7.130 Thread 0x00000199c8ca9800 Uncommon trap: reason=class_check action=maybe_recompile pc=0x00000199d8d8ad4c method=java.util.Collections$UnmodifiableMap$UnmodifiableEntrySet$1.next()Ljava/util/Map$Entry; @ 8 c2
Event: 7.130 Thread 0x00000199c8ca9800 Uncommon trap: reason=class_check action=maybe_recompile pc=0x00000199d8d8b904 method=java.util.Collections$UnmodifiableMap$UnmodifiableEntrySet$UnmodifiableEntry.getKey()Ljava/lang/Object; @ 4 c2
Event: 7.130 Thread 0x00000199c8ca9800 Uncommon trap: reason=class_check action=maybe_recompile pc=0x00000199d8d8bc04 method=java.util.Collections$UnmodifiableMap$UnmodifiableEntrySet$UnmodifiableEntry.getValue()Ljava/lang/Object; @ 4 c2
Event: 7.130 Thread 0x00000199c8ca9800 Uncommon trap: reason=class_check action=maybe_recompile pc=0x00000199d8d8a110 method=java.util.Collections$UnmodifiableMap$UnmodifiableEntrySet$1.hasNext()Z @ 4 c2
Event: 7.130 Thread 0x00000199c8ca9800 Uncommon trap: reason=class_check action=maybe_recompile pc=0x00000199d8d8ad4c method=java.util.Collections$UnmodifiableMap$UnmodifiableEntrySet$1.next()Ljava/util/Map$Entry; @ 8 c2
Event: 7.130 Thread 0x00000199c8ca9800 Uncommon trap: reason=class_check action=maybe_recompile pc=0x00000199d8d8b904 method=java.util.Collections$UnmodifiableMap$UnmodifiableEntrySet$UnmodifiableEntry.getKey()Ljava/lang/Object; @ 4 c2
Event: 7.130 Thread 0x00000199c8ca9800 Uncommon trap: reason=class_check action=maybe_recompile pc=0x00000199d8d8bc04 method=java.util.Collections$UnmodifiableMap$UnmodifiableEntrySet$UnmodifiableEntry.getValue()Ljava/lang/Object; @ 4 c2
Event: 7.243 Thread 0x00000199e78dd800 Uncommon trap: reason=null_check action=make_not_entrant pc=0x00000199d8f8d610 method=sun.nio.fs.NativeBuffers.getNativeBufferFromCache(I)Lsun/nio/fs/NativeBuffer; @ 6 c2
Event: 7.243 Thread 0x00000199e78dd800 Uncommon trap: reason=null_check action=make_not_entrant pc=0x00000199d8f6d040 method=sun.nio.fs.NativeBuffers.releaseNativeBuffer(Lsun/nio/fs/NativeBuffer;)V @ 6 c2
Event: 7.760 Thread 0x00000199ec6a5000 Uncommon trap: reason=unstable_if action=reinterpret pc=0x00000199d8f062a0 method=java.io.BufferedReader.readLine(Z)Ljava/lang/String; @ 265 c2

Classes redefined (0 events):
No events

Internal exceptions (10 events):
Event: 6.724 Thread 0x00000199c8ca9800 Exception <a 'java/lang/NoSuchMethodError'{0x000000008ab10af0}: org.apache.maven.execution.MavenExecutionRequest.getFailureBehavior()Ljava/lang/String;> (0x000000008ab10af0) thrown at [./open/src/hotspot/share/interpreter/linkResolver.cpp, line 864]
Event: 6.728 Thread 0x00000199ee6ac000 Exception <a 'java/lang/NoSuchMethodError'{0x000000008ad48520}: java.lang.invoke.DirectMethodHandle$Holder.invokeStaticInit(Ljava/lang/Object;Ljava/lang/Object;JLjava/lang/Object;)Ljava/lang/Object;> (0x000000008ad48520) thrown at [./open/src/hotspot/shar
Event: 6.730 Thread 0x00000199ee6ac000 Exception <a 'java/lang/NoSuchMethodError'{0x000000008ad54640}: java.lang.invoke.Invokers$Holder.linkToTargetMethod(Ljava/lang/Object;JLjava/lang/Object;)Ljava/lang/Object;> (0x000000008ad54640) thrown at [./open/src/hotspot/share/interpreter/linkResolver
Event: 6.901 Thread 0x00000199c8ca9800 Exception <a 'java/lang/NoSuchMethodError'{0x000000008aa32318}: java.lang.invoke.DirectMethodHandle$Holder.invokeStaticInit(Ljava/lang/Object;Ljava/lang/Object;IIII)Ljava/lang/Object;> (0x000000008aa32318) thrown at [./open/src/hotspot/share/interpreter/l
Event: 7.182 Thread 0x00000199c8ca9800 Exception <a 'java/lang/NoSuchMethodError'{0x000000008cdfee88}: java.lang.invoke.DirectMethodHandle$Holder.invokeStatic(Ljava/lang/Object;J)V> (0x000000008cdfee88) thrown at [./open/src/hotspot/share/interpreter/linkResolver.cpp, line 772]
Event: 7.183 Thread 0x00000199c8ca9800 Exception <a 'java/lang/NoSuchMethodError'{0x000000008cc04ae8}: java.lang.invoke.DirectMethodHandle$Holder.invokeStatic(Ljava/lang/Object;J)Ljava/lang/Object;> (0x000000008cc04ae8) thrown at [./open/src/hotspot/share/interpreter/linkResolver.cpp, line 772
Event: 7.183 Thread 0x00000199c8ca9800 Exception <a 'java/lang/NoSuchMethodError'{0x000000008cc07e10}: java.lang.invoke.DirectMethodHandle$Holder.invokeSpecial(Ljava/lang/Object;Ljava/lang/Object;J)Ljava/lang/Object;> (0x000000008cc07e10) thrown at [./open/src/hotspot/share/interpreter/linkRes
Event: 7.183 Thread 0x00000199c8ca9800 Exception <a 'java/lang/NoSuchMethodError'{0x000000008cc0ab78}: java.lang.invoke.Invokers$Holder.linkToTargetMethod(JLjava/lang/Object;)Ljava/lang/Object;> (0x000000008cc0ab78) thrown at [./open/src/hotspot/share/interpreter/linkResolver.cpp, line 772]
Event: 7.243 Thread 0x00000199e78dd800 Implicit null exception at 0x00000199d8f8ce9d to 0x00000199d8f8d5ec
Event: 7.243 Thread 0x00000199e78dd800 Implicit null exception at 0x00000199d8f6ce65 to 0x00000199d8f6d030

Events (10 events):
Event: 8.579 Thread 0x00000199ec6a5000 DEOPT PACKING pc=0x00000199d249b22c sp=0x00000078a8aff220
Event: 8.579 Thread 0x00000199ec6a5000 DEOPT UNPACKING pc=0x00000199d11676ce sp=0x00000078a8afe760 mode 0
Event: 8.579 Thread 0x00000199ec6a5000 DEOPT PACKING pc=0x00000199d1c012bf sp=0x00000078a8aff1a0
Event: 8.579 Thread 0x00000199ec6a5000 DEOPT UNPACKING pc=0x00000199d11676ce sp=0x00000078a8afe6b0 mode 0
Event: 8.588 Thread 0x00000199e9bdb800 Thread added: 0x00000199e9bdb800
Event: 8.588 Thread 0x00000199ecbb7800 Thread added: 0x00000199ecbb7800
Event: 9.447 Thread 0x00000199ecbb7800 Thread exited: 0x00000199ecbb7800
Event: 11.348 Thread 0x00000199e9bdb800 Thread exited: 0x00000199e9bdb800
Event: 16.816 Thread 0x00000199ec6a5000 DEOPT PACKING pc=0x00000199d249b22c sp=0x00000078a8aff220
Event: 16.816 Thread 0x00000199ec6a5000 DEOPT UNPACKING pc=0x00000199d11676ce sp=0x00000078a8afe760 mode 0


Dynamic libraries:
0x00007ff7510a0000 - 0x00007ff7510af000 	C:\Program Files\Java\jdk-11.0.10\bin\java.exe
0x00007ff83acd0000 - 0x00007ff83aec6000 	C:\Windows\SYSTEM32\ntdll.dll
0x00007ff8393a0000 - 0x00007ff83945d000 	C:\Windows\System32\KERNEL32.DLL
0x00007ff838850000 - 0x00007ff838b19000 	C:\Windows\System32\KERNELBASE.dll
0x00007ff8385f0000 - 0x00007ff8386f0000 	C:\Windows\System32\ucrtbase.dll
0x00007ff81fd50000 - 0x00007ff81fd65000 	C:\Program Files\Java\jdk-11.0.10\bin\VCRUNTIME140.dll
0x00007ff819900000 - 0x00007ff819918000 	C:\Program Files\Java\jdk-11.0.10\bin\jli.dll
0x00007ff839130000 - 0x00007ff8391dc000 	C:\Windows\System32\ADVAPI32.dll
0x00007ff839c60000 - 0x00007ff839cfe000 	C:\Windows\System32\msvcrt.dll
0x00007ff838fe0000 - 0x00007ff83907c000 	C:\Windows\System32\sechost.dll
0x00007ff839d20000 - 0x00007ff839e4b000 	C:\Windows\System32\RPCRT4.dll
0x00007ff83a6c0000 - 0x00007ff83a860000 	C:\Windows\System32\USER32.dll
0x00007ff8387a0000 - 0x00007ff8387c2000 	C:\Windows\System32\win32u.dll
0x00007ff820f00000 - 0x00007ff82119b000 	C:\Windows\WinSxS\amd64_microsoft.windows.common-controls_6595b64144ccf1df_6.0.19041.746_none_ca02b4b61b8320a4\COMCTL32.dll
0x00007ff839f40000 - 0x00007ff839f6a000 	C:\Windows\System32\GDI32.dll
0x00007ff838bc0000 - 0x00007ff838ccb000 	C:\Windows\System32\gdi32full.dll
0x00007ff838b20000 - 0x00007ff838bbd000 	C:\Windows\System32\msvcp_win.dll
0x00007ff824e30000 - 0x00007ff824e3a000 	C:\Windows\SYSTEM32\VERSION.dll
0x00007ff839e50000 - 0x00007ff839e80000 	C:\Windows\System32\IMM32.DLL
0x00007ffff4d50000 - 0x00007ffff4deb000 	C:\Program Files\Java\jdk-11.0.10\bin\msvcp140.dll
0x00007fffbb840000 - 0x00007fffbc33b000 	C:\Program Files\Java\jdk-11.0.10\bin\server\jvm.dll
0x00007ff839d00000 - 0x00007ff839d08000 	C:\Windows\System32\PSAPI.DLL
0x00007ff81be10000 - 0x00007ff81be19000 	C:\Windows\SYSTEM32\WSOCK32.dll
0x00007ff80e320000 - 0x00007ff80e347000 	C:\Windows\SYSTEM32\WINMM.dll
0x00007ff8396a0000 - 0x00007ff83970b000 	C:\Windows\System32\WS2_32.dll
0x00007ff8363b0000 - 0x00007ff8363c2000 	C:\Windows\SYSTEM32\kernel.appcore.dll
0x00007ff8324f0000 - 0x00007ff832500000 	C:\Program Files\Java\jdk-11.0.10\bin\verify.dll
0x00007ff835c40000 - 0x00007ff835e24000 	C:\Windows\SYSTEM32\DBGHELP.DLL
0x00007ff822830000 - 0x00007ff82285c000 	C:\Windows\SYSTEM32\dbgcore.DLL
0x00007ff8387d0000 - 0x00007ff838850000 	C:\Windows\System32\bcryptPrimitives.dll
0x00007ff80fbf0000 - 0x00007ff80fc18000 	C:\Program Files\Java\jdk-11.0.10\bin\java.dll
0x00007ff830ca0000 - 0x00007ff830caa000 	C:\Program Files\Java\jdk-11.0.10\bin\jimage.dll
0x00007ff808010000 - 0x00007ff808026000 	C:\Program Files\Java\jdk-11.0.10\bin\zip.dll
0x00007ff839f70000 - 0x00007ff83a6b2000 	C:\Windows\System32\SHELL32.dll
0x00007ff836520000 - 0x00007ff836cb0000 	C:\Windows\SYSTEM32\windows.storage.dll
0x00007ff83a930000 - 0x00007ff83ac86000 	C:\Windows\System32\combase.dll
0x00007ff837e00000 - 0x00007ff837e2c000 	C:\Windows\SYSTEM32\Wldp.dll
0x00007ff838d90000 - 0x00007ff838e3e000 	C:\Windows\System32\SHCORE.dll
0x00007ff839ee0000 - 0x00007ff839f35000 	C:\Windows\System32\shlwapi.dll
0x00007ff838340000 - 0x00007ff838366000 	C:\Windows\SYSTEM32\profapi.dll
0x00007ff807c50000 - 0x00007ff807c69000 	C:\Program Files\Java\jdk-11.0.10\bin\net.dll
0x00007ff832f50000 - 0x00007ff833050000 	C:\Windows\SYSTEM32\WINHTTP.dll
0x00007ff837b40000 - 0x00007ff837baa000 	C:\Windows\system32\mswsock.dll
0x00007ff803e90000 - 0x00007ff803ea2000 	C:\Program Files\Java\jdk-11.0.10\bin\nio.dll
0x00007ff81a080000 - 0x00007ff81a08a000 	C:\Users\saich\java\apache-maven-3.6.3\lib\jansi-native\windows64\jansi.dll
0x00007ff837d40000 - 0x00007ff837d58000 	C:\Windows\SYSTEM32\CRYPTSP.dll
0x00007ff8374e0000 - 0x00007ff837514000 	C:\Windows\system32\rsaenh.dll
0x00007ff838460000 - 0x00007ff838487000 	C:\Windows\System32\bcrypt.dll
0x00007ff838300000 - 0x00007ff83832e000 	C:\Windows\SYSTEM32\USERENV.dll
0x00007ff837d30000 - 0x00007ff837d3c000 	C:\Windows\SYSTEM32\CRYPTBASE.dll
0x00007ff837840000 - 0x00007ff83787b000 	C:\Windows\SYSTEM32\IPHLPAPI.DLL
0x00007ff839390000 - 0x00007ff839398000 	C:\Windows\System32\NSI.dll
0x00007ff830ee0000 - 0x00007ff830ef7000 	C:\Windows\SYSTEM32\dhcpcsvc6.DLL
0x00007ff830ec0000 - 0x00007ff830edd000 	C:\Windows\SYSTEM32\dhcpcsvc.DLL
0x00007ff837880000 - 0x00007ff83794b000 	C:\Windows\SYSTEM32\DNSAPI.dll

dbghelp: loaded successfully - version: 4.0.5 - missing functions: none
symbol engine: initialized successfully - sym options: 0x614 - pdb path: .;C:\Program Files\Java\jdk-11.0.10\bin;C:\Windows\SYSTEM32;C:\Windows\WinSxS\amd64_microsoft.windows.common-controls_6595b64144ccf1df_6.0.19041.746_none_ca02b4b61b8320a4;C:\Program Files\Java\jdk-11.0.10\bin\server;C:\Users\saich\java\apache-maven-3.6.3\lib\jansi-native\windows64

VM Arguments:
jvm_args: -Dclassworlds.conf=C:/Users/saich/java/apache-maven-3.6.3/bin/m2.conf -Dmaven.home=C:/Users/saich/java/apache-maven-3.6.3 -Dlibrary.jansi.path=C:/Users/saich/java/apache-maven-3.6.3/lib/jansi-native -Dmaven.multiModuleProjectDirectory=C:/git_clones/cloud-gateway/cloud-gateway 
java_command: org.codehaus.plexus.classworlds.launcher.Launcher clean install
java_class_path (initial): C:/Users/saich/java/apache-maven-3.6.3/boot/plexus-classworlds-2.6.0.jar
Launcher Type: SUN_STANDARD

[Global flags]
     intx CICompilerCount                          = 4                                         {product} {ergonomic}
     uint ConcGCThreads                            = 2                                         {product} {ergonomic}
     uint G1ConcRefinementThreads                  = 8                                         {product} {ergonomic}
   size_t G1HeapRegionSize                         = 1048576                                   {product} {ergonomic}
    uintx GCDrainStackTargetSize                   = 64                                        {product} {ergonomic}
   size_t InitialHeapSize                          = 132120576                                 {product} {ergonomic}
   size_t MarkStackSize                            = 4194304                                   {product} {ergonomic}
   size_t MaxHeapSize                              = 2088763392                                {product} {ergonomic}
   size_t MaxNewSize                               = 1253048320                                {product} {ergonomic}
   size_t MinHeapDeltaBytes                        = 1048576                                   {product} {ergonomic}
    uintx NonNMethodCodeHeapSize                   = 5836300                                {pd product} {ergonomic}
    uintx NonProfiledCodeHeapSize                  = 122910970                              {pd product} {ergonomic}
    uintx ProfiledCodeHeapSize                     = 122910970                              {pd product} {ergonomic}
    uintx ReservedCodeCacheSize                    = 251658240                              {pd product} {ergonomic}
     bool SegmentedCodeCache                       = true                                      {product} {ergonomic}
     bool UseCompressedClassPointers               = true                                 {lp64_product} {ergonomic}
     bool UseCompressedOops                        = true                                 {lp64_product} {ergonomic}
     bool UseG1GC                                  = true                                      {product} {ergonomic}
     bool UseLargePagesIndividualAllocation        = false                                  {pd product} {ergonomic}

Logging:
Log output configuration:
 #0: stdout all=warning uptime,level,tags
 #1: stderr all=off uptime,level,tags

Environment Variables:
JAVA_HOME=C:/Program Files/Java/jdk-11.0.10
PATH=C:\Users\saich\bin;C:\Program Files\Git\mingw64\bin;C:\Program Files\Git\usr\local\bin;C:\Program Files\Git\usr\bin;C:\Program Files\Git\usr\bin;C:\Program Files\Git\mingw64\bin;C:\Program Files\Git\usr\bin;C:\Users\saich\bin;C:\Program Files\Common Files\Oracle\Java\javapath;C:\Windows\system32;C:\Windows;C:\Windows\System32\Wbem;C:\Windows\System32\WindowsPowerShell\v1.0;C:\Windows\System32\OpenSSH;C:\Program Files\Java\jdk-11.0.10\bin;C:\Users\saich\java\apache-maven-3.6.3\bin;C:\Program Files\PostgreSQL\13\bin;C:\Program Files\Git\cmd;C:\Program Files\Docker\Docker\resources\bin;C:\ProgramData\DockerDesktop\version-bin;C:\Users\saich\AppData\Local\Microsoft\WindowsApps;C:\Program Files\Java\jdk-11.0.10\bin;C:\Program Files\PostgreSQL\13\bin;C:\Program Files\Git\usr\bin\vendor_perl;C:\Program Files\Git\usr\bin\core_perl
USERNAME=saich
SHELL=C:\Program Files\Git\usr\bin\bash.exe
DISPLAY=needs-to-be-defined
OS=Windows_NT
PROCESSOR_IDENTIFIER=Intel64 Family 6 Model 142 Stepping 12, GenuineIntel



---------------  S Y S T E M  ---------------

OS: Windows 10 , 64 bit Build 19041 (10.0.19041.804)
Hyper-V role detected

CPU:total 8 (initial active 8) (4 cores per cpu, 2 threads per core) family 6 model 142 stepping 12 microcode 0xd6, cmov, cx8, fxsr, mmx, sse, sse2, sse3, ssse3, sse4.1, sse4.2, popcnt, avx, avx2, aes, clmul, erms, 3dnowpref, lzcnt, ht, tsc, tscinvbit, bmi1, bmi2, adx, fma

Memory: 4k page, system-wide physical 7965M (451M free)
TotalPageFile size 23069M (AvailPageFile size 5M)
current process WorkingSet (physical memory assigned to process): 269M, peak: 309M
current process commit charge ("private bytes"): 339M, peak: 378M

vm_info: Java HotSpot(TM) 64-Bit Server VM (11.0.10+8-LTS-162) for windows-amd64 JRE (11.0.10+8-LTS-162), built on Dec  8 2020 16:32:57 by "mach5one" with MS VC++ 15.9 (VS2017)

END.
